<?xml version="1.0" encoding="UTF-8"?>
<!-- Generated by org.testng.reporters.JUnitReportReporter -->
<testsuite hostname="DESKTOP-M4JA5PO" failures="0" tests="3" name="com.sgtesting.product.Products" time="0.010" errors="0" timestamp="2022-11-08T10:58:31 IST" skipped="0">
  <testcase classname="com.sgtesting.product.Products" name="createProduct" time="0.006"/>
  <system-out/>
  <testcase classname="com.sgtesting.product.Products" name="modifyProduct" time="0.002"/>
  <system-out/>
  <testcase classname="com.sgtesting.product.Products" name="deleteProduct" time="0.002"/>
  <system-out/>
</testsuite> <!-- com.sgtesting.product.Products -->
